Vivado Simulator 2019.2
Copyright 1986-1999, 2001-2019 Xilinx, Inc. All Rights Reserved.
Running: C:/Xilinx/Vivado/2019.2/bin/unwrapped/win64.o/xelab.exe -wto 95a1d2c0d96e47a6954fed18ad32c5bc --incr --debug typical --relax --mt 2 -L xil_defaultlib -L secureip --snapshot test_b_behav xil_defaultlib.test_b -log elaborate.log 
Using 2 slave threads.
Starting static elaboration
Completed static elaboration
Starting simulation data flow analysis
Completed simulation data flow analysis
Time Resolution for simulation is 1ps
Compiling package std.standard
Compiling package std.textio
Compiling package ieee.std_logic_1164
Compiling package xil_defaultlib.paquete_procesador
Compiling package ieee.std_logic_arith
Compiling package ieee.std_logic_unsigned
Compiling package xil_defaultlib.paquete_uc
Compiling package ieee.numeric_std
Compiling package xil_defaultlib.paquete_alu
Compiling architecture behavioral of entity xil_defaultlib.memoriaPrograma [memoriaprograma_default]
Compiling architecture behavioral of entity xil_defaultlib.memoria_funcion [memoria_funcion_default]
Compiling architecture behavioral of entity xil_defaultlib.memoria_operacion [memoria_operacion_default]
Compiling architecture behavioral of entity xil_defaultlib.decodificador_instruccion [decodificador_instruccion_defaul...]
Compiling architecture behavioral of entity xil_defaultlib.bandera_alu [bandera_alu_default]
Compiling architecture bahevioral of entity xil_defaultlib.bloque_condicion [bloque_condicion_default]
Compiling architecture behavioral of entity xil_defaultlib.bloque_nivel [bloque_nivel_default]
Compiling architecture behavioral of entity xil_defaultlib.carta_uc [carta_uc_default]
Compiling architecture behavioral of entity xil_defaultlib.uc [uc_default]
Compiling architecture behavioral of entity xil_defaultlib.pila [pila_default]
Compiling architecture behavioral of entity xil_defaultlib.archivoRegistros [archivoregistros_default]
Compiling architecture behavioral of entity xil_defaultlib.alu_bit [alu_bit_default]
Compiling architecture behavioral of entity xil_defaultlib.alu_bits [alu_bits_default]
Compiling architecture behavioral of entity xil_defaultlib.memoriaDatos [memoriadatos_default]
Compiling architecture behavioral of entity xil_defaultlib.extensor_signo [extensor_signo_default]
Compiling architecture behavioral of entity xil_defaultlib.extensor_direccion [extensor_direccion_default]
Compiling architecture behavioral of entity xil_defaultlib.procesador [procesador_default]
Compiling architecture behavioral of entity xil_defaultlib.test_b
Built simulation snapshot test_b_behav
