#-----------------------------------------------------------
# Vivado v2019.2 (64-bit)
# SW Build 2708876 on Wed Nov  6 21:40:23 MST 2019
# IP Build 2700528 on Thu Nov  7 00:09:20 MST 2019
# Start of session at: Mon Jan 25 19:32:23 2021
# Process ID: 6680
# Current directory: C:/Users/sel19/Documents/desktop/arqui/vivado/procesador_risc/alu
# Command line: vivado.exe -gui_launcher_event rodinguilauncherevent14216 C:\Users\sel19\Documents\desktop\arqui\vivado\procesador_risc\alu\alu.xpr
# Log file: C:/Users/sel19/Documents/desktop/arqui/vivado/procesador_risc/alu/vivado.log
# Journal file: C:/Users/sel19/Documents/desktop/arqui/vivado/procesador_risc/alu\vivado.jou
#-----------------------------------------------------------
start_gui
open_project C:/Users/sel19/Documents/desktop/arqui/vivado/procesador_risc/alu/alu.xpr
INFO: [Project 1-313] Project file moved from 'C:/Users/sel19/Documents/desktop/arquitecturaComputadoras/vivado/escomips_proyecto-final' since last save.
Scanning sources...
Finished scanning sources
INFO: [IP_Flow 19-234] Refreshing IP repositories
INFO: [IP_Flow 19-1704] No user IP repositories specified
INFO: [IP_Flow 19-2313] Loaded Vivado IP repository 'C:/Xilinx/Vivado/2019.2/data/ip'.
open_project: Time (s): cpu = 00:00:26 ; elapsed = 00:00:10 . Memory (MB): peak = 733.707 ; gain = 124.871
update_compile_order -fileset sources_1
close_project
exit
INFO: [Common 17-206] Exiting Vivado at Mon Jan 25 19:50:34 2021...
